<?xml version="1.0" encoding="UTF-8"?>
<!-- Generated by org.testng.reporters.JUnitReportReporter -->
<testsuite hostname="MLIVE-LP00960" name="com.qtpselenium.facebook.pom.testcases.ChangePasswordTest" tests="1" failures="1" timestamp="10 Apr 2019 19:38:57 GMT" time="43.119" errors="0">
  <testcase name="changePasswdTest" time="43.119" classname="com.qtpselenium.facebook.pom.testcases.ChangePasswordTest">
    <failure type="java.lang.AssertionError" message="Could not Login">
      <![CDATA[java.lang.AssertionError: Could not Login
	at org.testng.Assert.fail(Assert.java:94)
	at com.qtpselenium.facebook.pom.base.BaseTest.reportFailure(BaseTest.java:88)
	at com.qtpselenium.facebook.pom.testcases.ChangePasswordTest.changePasswdTest(ChangePasswordTest.java:40)
	at sun.reflect.NativeMethodAccessorImpl.invoke0(Native Method)
	at sun.reflect.NativeMethodAccessorImpl.invoke(NativeMethodAccessorImpl.java:62)
	at sun.reflect.DelegatingMethodAccessorImpl.invoke(DelegatingMethodAccessorImpl.java:43)
	at java.lang.reflect.Method.invoke(Method.java:498)
	at org.testng.internal.MethodInvocationHelper.invokeMethod(MethodInvocationHelper.java:85)
	at org.testng.internal.Invoker.invokeMethod(Invoker.java:639)
	at org.testng.internal.Invoker.invokeTestMethod(Invoker.java:816)
	at org.testng.internal.Invoker.invokeTestMethods(Invoker.java:1124)
	at org.testng.internal.TestMethodWorker.invokeTestMethods(TestMethodWorker.java:125)
	at org.testng.internal.TestMethodWorker.run(TestMethodWorker.java:108)
	at org.testng.TestRunner.privateRun(TestRunner.java:774)
	at org.testng.TestRunner.run(TestRunner.java:624)
	at org.testng.SuiteRunner.runTest(SuiteRunner.java:359)
	at org.testng.SuiteRunner.access$000(SuiteRunner.java:39)
	at org.testng.SuiteRunner$SuiteWorker.run(SuiteRunner.java:393)
	at org.testng.internal.thread.ThreadUtil$2.call(ThreadUtil.java:64)
	at java.util.concurrent.FutureTask.run(FutureTask.java:266)
	at java.util.concurrent.ThreadPoolExecutor.runWorker(ThreadPoolExecutor.java:1149)
	at java.util.concurrent.ThreadPoolExecutor$Worker.run(ThreadPoolExecutor.java:624)
	at java.lang.Thread.run(Thread.java:748)
]]>
    </failure>
  </testcase> <!-- changePasswdTest -->
</testsuite> <!-- com.qtpselenium.facebook.pom.testcases.ChangePasswordTest -->
