<?xml version="1.0" encoding="UTF-8"?>
<!-- Generated by org.testng.reporters.JUnitReportReporter -->
<testsuite skipped="0" hostname="MLIVE-LP00960" name="com.qtpselenium.facebook.pom.testcases.ProfileTest" tests="1" failures="0" timestamp="23 Jan 2019 20:29:56 GMT" time="25.723" errors="0">
  <testcase name="testProfile" time="25.723" classname="com.qtpselenium.facebook.pom.testcases.ProfileTest"/>
</testsuite> <!-- com.qtpselenium.facebook.pom.testcases.ProfileTest -->
