<?xml version="1.0" encoding="UTF-8"?>
<!-- Generated by org.testng.reporters.JUnitReportReporter -->
<testsuite skipped="1" hostname="MLIVE-LP00960" name="com.qtpselenium.facebook.pom.testcases.ChangePasswordTest" tests="1" failures="0" timestamp="23 Jan 2019 20:29:56 GMT" time="0.424" errors="0">
  <testcase name="changePasswdTest" time="0.424" classname="com.qtpselenium.facebook.pom.testcases.ChangePasswordTest">
    <skipped/>
  </testcase> <!-- changePasswdTest -->
</testsuite> <!-- com.qtpselenium.facebook.pom.testcases.ChangePasswordTest -->
